31
32
369
149
148
121
120
63
19
62
125
131
87
94
90
91
70
89
189
192
195
426
346
319
323
299
301
289
307
285
272
233
395
392
406
415
437
442
486
491
371
360
429
353
351
22
333
146
145
159
158
173
239
221
208
212
216
213
204
335
331
150
156
315
316
181
183
186
190
295
312
403
387
390
384
153
12
16
123
110
407
308
377
376
370
139
136
134
151
428
25
27
20
138
124
119
60
79
67
66
65
68
18
11
56
135
297
324
396
394
420
412
373
243
251
246
241
367
374
368
23
304
322
340
336
431
435
455
479
482
449
436
453
318
362
359
467
399
397
398
209
180
46
44
43
194
441
30
430
388
342
325
326
411
414
425
350
366
382
391
106
109
113
114
107
122
196
198
51
6
10
7
160
127
234
26
469
465
341
300
422
33
29
451
249
257
248
245
237
163
218
434
454
487
488
432
444
337
278
261
266
267
229
214
130
57
45
175
42
35
303
424
462
461
271
281
256
385
404
311
321
328
314
485
481
489
416
401
379
355
356
207
210
197